{"C:\\Users\\hp\\Documents\\stonem-frontend\\src\\components\\FilterSuite\\filterButton.tsx": {"path":"C:\\Users\\hp\\Documents\\stonem-frontend\\src\\components\\FilterSuite\\filterButton.tsx","statementMap":{"0":{"start":{"line":3,"column":0},"end":{"line":5,"column":3}},"1":{"start":{"line":7,"column":13},"end":{"line":7,"column":29}},"2":{"start":{"line":9,"column":12},"end":{"line":9,"column":43}},"3":{"start":{"line":11,"column":14},"end":{"line":11,"column":31}},"4":{"start":{"line":13,"column":10},"end":{"line":13,"column":26}},"5":{"start":{"line":15,"column":14},"end":{"line":15,"column":37}},"6":{"start":{"line":17,"column":40},"end":{"line":17,"column":267}},"7":{"start":{"line":17,"column":69},"end":{"line":17,"column":80}},"8":{"start":{"line":17,"column":103},"end":{"line":17,"column":105}},"9":{"start":{"line":17,"column":107},"end":{"line":17,"column":228}},"10":{"start":{"line":17,"column":126},"end":{"line":17,"column":226}},"11":{"start":{"line":17,"column":149},"end":{"line":17,"column":224}},"12":{"start":{"line":17,"column":201},"end":{"line":17,"column":224}},"13":{"start":{"line":17,"column":229},"end":{"line":17,"column":250}},"14":{"start":{"line":17,"column":251},"end":{"line":17,"column":265}},"15":{"start":{"line":19,"column":21},"end":{"line":23,"column":41}},"16":{"start":{"line":19,"column":51},"end":{"line":23,"column":41}},"17":{"start":{"line":24,"column":0},"end":{"line":26,"column":2}},"18":{"start":{"line":27,"column":0},"end":{"line":27,"column":31}}},"fnMap":{"0":{"name":"_interopRequireWildcard","decl":{"start":{"line":17,"column":9},"end":{"line":17,"column":32}},"loc":{"start":{"line":17,"column":38},"end":{"line":17,"column":269}},"line":17},"1":{"name":"(anonymous_1)","decl":{"start":{"line":19,"column":21},"end":{"line":19,"column":22}},"loc":{"start":{"line":19,"column":51},"end":{"line":23,"column":41}},"line":19}},"branchMap":{"0":{"loc":{"start":{"line":17,"column":40},"end":{"line":17,"column":267}},"type":"if","locations":[{"start":{"line":17,"column":40},"end":{"line":17,"column":267}},{"start":{"line":17,"column":40},"end":{"line":17,"column":267}}],"line":17},"1":{"loc":{"start":{"line":17,"column":44},"end":{"line":17,"column":65}},"type":"binary-expr","locations":[{"start":{"line":17,"column":44},"end":{"line":17,"column":47}},{"start":{"line":17,"column":51},"end":{"line":17,"column":65}}],"line":17},"2":{"loc":{"start":{"line":17,"column":107},"end":{"line":17,"column":228}},"type":"if","locations":[{"start":{"line":17,"column":107},"end":{"line":17,"column":228}},{"start":{"line":17,"column":107},"end":{"line":17,"column":228}}],"line":17},"3":{"loc":{"start":{"line":17,"column":149},"end":{"line":17,"column":224}},"type":"if","locations":[{"start":{"line":17,"column":149},"end":{"line":17,"column":224}},{"start":{"line":17,"column":149},"end":{"line":17,"column":224}}],"line":17},"4":{"loc":{"start":{"line":19,"column":150},"end":{"line":23,"column":30}},"type":"binary-expr","locations":[{"start":{"line":19,"column":150},"end":{"line":19,"column":160}},{"start":{"line":19,"column":164},"end":{"line":23,"column":30}}],"line":19}},"s":{"0":2,"1":2,"2":2,"3":2,"4":2,"5":2,"6":2,"7":0,"8":2,"9":2,"10":2,"11":38,"12":38,"13":2,"14":2,"15":2,"16":5,"17":2,"18":2},"f":{"0":2,"1":5},"b":{"0":[0,2],"1":[2,2],"2":[2,0],"3":[38,0],"4":[5,2]},"_coverageSchema":"332fd63041d2c1bcb487cc26dd0d5f7d97098a6c","hash":"08af70c9d9f652e1a3590903d0f30a2a8a9673c8"}
,"C:\\Users\\hp\\Documents\\stonem-frontend\\src\\components\\FilterSuite\\filterCriteriaBar.tsx": {"path":"C:\\Users\\hp\\Documents\\stonem-frontend\\src\\components\\FilterSuite\\filterCriteriaBar.tsx","statementMap":{"0":{"start":{"line":3,"column":0},"end":{"line":5,"column":3}},"1":{"start":{"line":7,"column":13},"end":{"line":7,"column":29}},"2":{"start":{"line":9,"column":12},"end":{"line":9,"column":43}},"3":{"start":{"line":11,"column":14},"end":{"line":11,"column":31}},"4":{"start":{"line":13,"column":13},"end":{"line":13,"column":31}},"5":{"start":{"line":15,"column":40},"end":{"line":15,"column":267}},"6":{"start":{"line":15,"column":69},"end":{"line":15,"column":80}},"7":{"start":{"line":15,"column":103},"end":{"line":15,"column":105}},"8":{"start":{"line":15,"column":107},"end":{"line":15,"column":228}},"9":{"start":{"line":15,"column":126},"end":{"line":15,"column":226}},"10":{"start":{"line":15,"column":149},"end":{"line":15,"column":224}},"11":{"start":{"line":15,"column":201},"end":{"line":15,"column":224}},"12":{"start":{"line":15,"column":229},"end":{"line":15,"column":250}},"13":{"start":{"line":15,"column":251},"end":{"line":15,"column":265}},"14":{"start":{"line":17,"column":26},"end":{"line":17,"column":328}},"15":{"start":{"line":17,"column":50},"end":{"line":17,"column":328}},"16":{"start":{"line":17,"column":131},"end":{"line":17,"column":326}},"17":{"start":{"line":18,"column":0},"end":{"line":18,"column":36}}},"fnMap":{"0":{"name":"_interopRequireWildcard","decl":{"start":{"line":15,"column":9},"end":{"line":15,"column":32}},"loc":{"start":{"line":15,"column":38},"end":{"line":15,"column":269}},"line":15},"1":{"name":"(anonymous_1)","decl":{"start":{"line":17,"column":26},"end":{"line":17,"column":27}},"loc":{"start":{"line":17,"column":50},"end":{"line":17,"column":328}},"line":17},"2":{"name":"(anonymous_2)","decl":{"start":{"line":17,"column":114},"end":{"line":17,"column":115}},"loc":{"start":{"line":17,"column":131},"end":{"line":17,"column":326}},"line":17}},"branchMap":{"0":{"loc":{"start":{"line":15,"column":40},"end":{"line":15,"column":267}},"type":"if","locations":[{"start":{"line":15,"column":40},"end":{"line":15,"column":267}},{"start":{"line":15,"column":40},"end":{"line":15,"column":267}}],"line":15},"1":{"loc":{"start":{"line":15,"column":44},"end":{"line":15,"column":65}},"type":"binary-expr","locations":[{"start":{"line":15,"column":44},"end":{"line":15,"column":47}},{"start":{"line":15,"column":51},"end":{"line":15,"column":65}}],"line":15},"2":{"loc":{"start":{"line":15,"column":107},"end":{"line":15,"column":228}},"type":"if","locations":[{"start":{"line":15,"column":107},"end":{"line":15,"column":228}},{"start":{"line":15,"column":107},"end":{"line":15,"column":228}}],"line":15},"3":{"loc":{"start":{"line":15,"column":149},"end":{"line":15,"column":224}},"type":"if","locations":[{"start":{"line":15,"column":149},"end":{"line":15,"column":224}},{"start":{"line":15,"column":149},"end":{"line":15,"column":224}}],"line":15}},"s":{"0":1,"1":1,"2":1,"3":1,"4":1,"5":1,"6":0,"7":1,"8":1,"9":1,"10":19,"11":19,"12":1,"13":1,"14":1,"15":1,"16":3,"17":1},"f":{"0":1,"1":1,"2":3},"b":{"0":[0,1],"1":[1,1],"2":[1,0],"3":[19,0]},"_coverageSchema":"332fd63041d2c1bcb487cc26dd0d5f7d97098a6c","hash":"4351f6efef45727de35782dab26883fe3b35494a"}
,"C:\\Users\\hp\\Documents\\stonem-frontend\\src\\components\\FilterSuite\\filterCriteriaHeading.tsx": {"path":"C:\\Users\\hp\\Documents\\stonem-frontend\\src\\components\\FilterSuite\\filterCriteriaHeading.tsx","statementMap":{"0":{"start":{"line":3,"column":0},"end":{"line":5,"column":3}},"1":{"start":{"line":7,"column":13},"end":{"line":7,"column":29}},"2":{"start":{"line":9,"column":12},"end":{"line":9,"column":43}},"3":{"start":{"line":11,"column":14},"end":{"line":11,"column":31}},"4":{"start":{"line":13,"column":10},"end":{"line":13,"column":26}},"5":{"start":{"line":15,"column":40},"end":{"line":15,"column":267}},"6":{"start":{"line":15,"column":69},"end":{"line":15,"column":80}},"7":{"start":{"line":15,"column":103},"end":{"line":15,"column":105}},"8":{"start":{"line":15,"column":107},"end":{"line":15,"column":228}},"9":{"start":{"line":15,"column":126},"end":{"line":15,"column":226}},"10":{"start":{"line":15,"column":149},"end":{"line":15,"column":224}},"11":{"start":{"line":15,"column":201},"end":{"line":15,"column":224}},"12":{"start":{"line":15,"column":229},"end":{"line":15,"column":250}},"13":{"start":{"line":15,"column":251},"end":{"line":15,"column":265}},"14":{"start":{"line":17,"column":30},"end":{"line":19,"column":1}},"15":{"start":{"line":18,"column":4},"end":{"line":18,"column":337}},"16":{"start":{"line":20,"column":0},"end":{"line":20,"column":40}}},"fnMap":{"0":{"name":"_interopRequireWildcard","decl":{"start":{"line":15,"column":9},"end":{"line":15,"column":32}},"loc":{"start":{"line":15,"column":38},"end":{"line":15,"column":269}},"line":15},"1":{"name":"(anonymous_1)","decl":{"start":{"line":17,"column":30},"end":{"line":17,"column":31}},"loc":{"start":{"line":17,"column":36},"end":{"line":19,"column":1}},"line":17}},"branchMap":{"0":{"loc":{"start":{"line":15,"column":40},"end":{"line":15,"column":267}},"type":"if","locations":[{"start":{"line":15,"column":40},"end":{"line":15,"column":267}},{"start":{"line":15,"column":40},"end":{"line":15,"column":267}}],"line":15},"1":{"loc":{"start":{"line":15,"column":44},"end":{"line":15,"column":65}},"type":"binary-expr","locations":[{"start":{"line":15,"column":44},"end":{"line":15,"column":47}},{"start":{"line":15,"column":51},"end":{"line":15,"column":65}}],"line":15},"2":{"loc":{"start":{"line":15,"column":107},"end":{"line":15,"column":228}},"type":"if","locations":[{"start":{"line":15,"column":107},"end":{"line":15,"column":228}},{"start":{"line":15,"column":107},"end":{"line":15,"column":228}}],"line":15},"3":{"loc":{"start":{"line":15,"column":149},"end":{"line":15,"column":224}},"type":"if","locations":[{"start":{"line":15,"column":149},"end":{"line":15,"column":224}},{"start":{"line":15,"column":149},"end":{"line":15,"column":224}}],"line":15}},"s":{"0":1,"1":1,"2":1,"3":1,"4":1,"5":1,"6":0,"7":1,"8":1,"9":1,"10":19,"11":19,"12":1,"13":1,"14":1,"15":0,"16":1},"f":{"0":1,"1":0},"b":{"0":[0,1],"1":[1,1],"2":[1,0],"3":[19,0]},"_coverageSchema":"332fd63041d2c1bcb487cc26dd0d5f7d97098a6c","hash":"dab36a1f86dfc5a1a5d3434709a5af2729415c2d"}
,"C:\\Users\\hp\\Documents\\stonem-frontend\\src\\components\\FilterSuite\\filterLayoutSwitcher.tsx": {"path":"C:\\Users\\hp\\Documents\\stonem-frontend\\src\\components\\FilterSuite\\filterLayoutSwitcher.tsx","statementMap":{"0":{"start":{"line":3,"column":0},"end":{"line":5,"column":3}},"1":{"start":{"line":7,"column":13},"end":{"line":7,"column":29}},"2":{"start":{"line":9,"column":12},"end":{"line":9,"column":43}},"3":{"start":{"line":11,"column":14},"end":{"line":11,"column":31}},"4":{"start":{"line":13,"column":40},"end":{"line":13,"column":267}},"5":{"start":{"line":13,"column":69},"end":{"line":13,"column":80}},"6":{"start":{"line":13,"column":103},"end":{"line":13,"column":105}},"7":{"start":{"line":13,"column":107},"end":{"line":13,"column":228}},"8":{"start":{"line":13,"column":126},"end":{"line":13,"column":226}},"9":{"start":{"line":13,"column":149},"end":{"line":13,"column":224}},"10":{"start":{"line":13,"column":201},"end":{"line":13,"column":224}},"11":{"start":{"line":13,"column":229},"end":{"line":13,"column":250}},"12":{"start":{"line":13,"column":251},"end":{"line":13,"column":265}},"13":{"start":{"line":15,"column":29},"end":{"line":15,"column":386}},"14":{"start":{"line":15,"column":35},"end":{"line":15,"column":386}},"15":{"start":{"line":16,"column":0},"end":{"line":16,"column":39}}},"fnMap":{"0":{"name":"_interopRequireWildcard","decl":{"start":{"line":13,"column":9},"end":{"line":13,"column":32}},"loc":{"start":{"line":13,"column":38},"end":{"line":13,"column":269}},"line":13},"1":{"name":"(anonymous_1)","decl":{"start":{"line":15,"column":29},"end":{"line":15,"column":30}},"loc":{"start":{"line":15,"column":35},"end":{"line":15,"column":386}},"line":15}},"branchMap":{"0":{"loc":{"start":{"line":13,"column":40},"end":{"line":13,"column":267}},"type":"if","locations":[{"start":{"line":13,"column":40},"end":{"line":13,"column":267}},{"start":{"line":13,"column":40},"end":{"line":13,"column":267}}],"line":13},"1":{"loc":{"start":{"line":13,"column":44},"end":{"line":13,"column":65}},"type":"binary-expr","locations":[{"start":{"line":13,"column":44},"end":{"line":13,"column":47}},{"start":{"line":13,"column":51},"end":{"line":13,"column":65}}],"line":13},"2":{"loc":{"start":{"line":13,"column":107},"end":{"line":13,"column":228}},"type":"if","locations":[{"start":{"line":13,"column":107},"end":{"line":13,"column":228}},{"start":{"line":13,"column":107},"end":{"line":13,"column":228}}],"line":13},"3":{"loc":{"start":{"line":13,"column":149},"end":{"line":13,"column":224}},"type":"if","locations":[{"start":{"line":13,"column":149},"end":{"line":13,"column":224}},{"start":{"line":13,"column":149},"end":{"line":13,"column":224}}],"line":13}},"s":{"0":1,"1":1,"2":1,"3":1,"4":1,"5":0,"6":1,"7":1,"8":1,"9":19,"10":19,"11":1,"12":1,"13":1,"14":0,"15":1},"f":{"0":1,"1":0},"b":{"0":[0,1],"1":[1,1],"2":[1,0],"3":[19,0]},"_coverageSchema":"332fd63041d2c1bcb487cc26dd0d5f7d97098a6c","hash":"8191f0b3400858d04d9f4f27c6161a22b092a2ef"}
,"C:\\Users\\hp\\Documents\\stonem-frontend\\src\\components\\FilterSuite\\filterSearchBar.tsx": {"path":"C:\\Users\\hp\\Documents\\stonem-frontend\\src\\components\\FilterSuite\\filterSearchBar.tsx","statementMap":{"0":{"start":{"line":3,"column":0},"end":{"line":5,"column":3}},"1":{"start":{"line":7,"column":13},"end":{"line":7,"column":29}},"2":{"start":{"line":9,"column":12},"end":{"line":9,"column":43}},"3":{"start":{"line":11,"column":14},"end":{"line":11,"column":31}},"4":{"start":{"line":13,"column":10},"end":{"line":13,"column":26}},"5":{"start":{"line":15,"column":40},"end":{"line":15,"column":267}},"6":{"start":{"line":15,"column":69},"end":{"line":15,"column":80}},"7":{"start":{"line":15,"column":103},"end":{"line":15,"column":105}},"8":{"start":{"line":15,"column":107},"end":{"line":15,"column":228}},"9":{"start":{"line":15,"column":126},"end":{"line":15,"column":226}},"10":{"start":{"line":15,"column":149},"end":{"line":15,"column":224}},"11":{"start":{"line":15,"column":201},"end":{"line":15,"column":224}},"12":{"start":{"line":15,"column":229},"end":{"line":15,"column":250}},"13":{"start":{"line":15,"column":251},"end":{"line":15,"column":265}},"14":{"start":{"line":17,"column":24},"end":{"line":19,"column":1}},"15":{"start":{"line":18,"column":4},"end":{"line":18,"column":126}},"16":{"start":{"line":20,"column":0},"end":{"line":20,"column":34}}},"fnMap":{"0":{"name":"_interopRequireWildcard","decl":{"start":{"line":15,"column":9},"end":{"line":15,"column":32}},"loc":{"start":{"line":15,"column":38},"end":{"line":15,"column":269}},"line":15},"1":{"name":"(anonymous_1)","decl":{"start":{"line":17,"column":24},"end":{"line":17,"column":25}},"loc":{"start":{"line":17,"column":30},"end":{"line":19,"column":1}},"line":17}},"branchMap":{"0":{"loc":{"start":{"line":15,"column":40},"end":{"line":15,"column":267}},"type":"if","locations":[{"start":{"line":15,"column":40},"end":{"line":15,"column":267}},{"start":{"line":15,"column":40},"end":{"line":15,"column":267}}],"line":15},"1":{"loc":{"start":{"line":15,"column":44},"end":{"line":15,"column":65}},"type":"binary-expr","locations":[{"start":{"line":15,"column":44},"end":{"line":15,"column":47}},{"start":{"line":15,"column":51},"end":{"line":15,"column":65}}],"line":15},"2":{"loc":{"start":{"line":15,"column":107},"end":{"line":15,"column":228}},"type":"if","locations":[{"start":{"line":15,"column":107},"end":{"line":15,"column":228}},{"start":{"line":15,"column":107},"end":{"line":15,"column":228}}],"line":15},"3":{"loc":{"start":{"line":15,"column":149},"end":{"line":15,"column":224}},"type":"if","locations":[{"start":{"line":15,"column":149},"end":{"line":15,"column":224}},{"start":{"line":15,"column":149},"end":{"line":15,"column":224}}],"line":15}},"s":{"0":1,"1":1,"2":1,"3":1,"4":1,"5":1,"6":0,"7":1,"8":1,"9":1,"10":19,"11":19,"12":1,"13":1,"14":1,"15":0,"16":1},"f":{"0":1,"1":0},"b":{"0":[0,1],"1":[1,1],"2":[1,0],"3":[19,0]},"_coverageSchema":"332fd63041d2c1bcb487cc26dd0d5f7d97098a6c","hash":"add0e7b9bc3ab9bf5714bed1fa4913de5ab5c240"}
,"C:\\Users\\hp\\Documents\\stonem-frontend\\src\\components\\FilterSuite\\index.tsx": {"path":"C:\\Users\\hp\\Documents\\stonem-frontend\\src\\components\\FilterSuite\\index.tsx","statementMap":{"0":{"start":{"line":3,"column":0},"end":{"line":5,"column":3}},"1":{"start":{"line":7,"column":20},"end":{"line":7,"column":45}},"2":{"start":{"line":9,"column":0},"end":{"line":14,"column":3}},"3":{"start":{"line":12,"column":4},"end":{"line":12,"column":57}},"4":{"start":{"line":16,"column":25},"end":{"line":16,"column":55}},"5":{"start":{"line":18,"column":0},"end":{"line":23,"column":3}},"6":{"start":{"line":21,"column":4},"end":{"line":21,"column":62}},"7":{"start":{"line":25,"column":29},"end":{"line":25,"column":63}},"8":{"start":{"line":27,"column":0},"end":{"line":32,"column":3}},"9":{"start":{"line":30,"column":4},"end":{"line":30,"column":66}},"10":{"start":{"line":34,"column":28},"end":{"line":34,"column":61}},"11":{"start":{"line":36,"column":0},"end":{"line":41,"column":3}},"12":{"start":{"line":39,"column":4},"end":{"line":39,"column":65}},"13":{"start":{"line":43,"column":23},"end":{"line":43,"column":51}},"14":{"start":{"line":45,"column":0},"end":{"line":50,"column":3}},"15":{"start":{"line":48,"column":4},"end":{"line":48,"column":60}},"16":{"start":{"line":52,"column":39},"end":{"line":52,"column":93}}},"fnMap":{"0":{"name":"(anonymous_0)","decl":{"start":{"line":11,"column":7},"end":{"line":11,"column":8}},"loc":{"start":{"line":11,"column":19},"end":{"line":13,"column":3}},"line":11},"1":{"name":"(anonymous_1)","decl":{"start":{"line":20,"column":7},"end":{"line":20,"column":8}},"loc":{"start":{"line":20,"column":19},"end":{"line":22,"column":3}},"line":20},"2":{"name":"(anonymous_2)","decl":{"start":{"line":29,"column":7},"end":{"line":29,"column":8}},"loc":{"start":{"line":29,"column":19},"end":{"line":31,"column":3}},"line":29},"3":{"name":"(anonymous_3)","decl":{"start":{"line":38,"column":7},"end":{"line":38,"column":8}},"loc":{"start":{"line":38,"column":19},"end":{"line":40,"column":3}},"line":38},"4":{"name":"(anonymous_4)","decl":{"start":{"line":47,"column":7},"end":{"line":47,"column":8}},"loc":{"start":{"line":47,"column":19},"end":{"line":49,"column":3}},"line":47},"5":{"name":"_interopRequireDefault","decl":{"start":{"line":52,"column":9},"end":{"line":52,"column":31}},"loc":{"start":{"line":52,"column":37},"end":{"line":52,"column":95}},"line":52}},"branchMap":{"0":{"loc":{"start":{"line":52,"column":46},"end":{"line":52,"column":92}},"type":"cond-expr","locations":[{"start":{"line":52,"column":70},"end":{"line":52,"column":73}},{"start":{"line":52,"column":76},"end":{"line":52,"column":92}}],"line":52},"1":{"loc":{"start":{"line":52,"column":46},"end":{"line":52,"column":67}},"type":"binary-expr","locations":[{"start":{"line":52,"column":46},"end":{"line":52,"column":49}},{"start":{"line":52,"column":53},"end":{"line":52,"column":67}}],"line":52}},"s":{"0":1,"1":1,"2":1,"3":3,"4":1,"5":1,"6":0,"7":1,"8":1,"9":0,"10":1,"11":1,"12":0,"13":1,"14":1,"15":0,"16":3},"f":{"0":3,"1":0,"2":0,"3":0,"4":0,"5":3},"b":{"0":[3,0],"1":[3,3]},"_coverageSchema":"332fd63041d2c1bcb487cc26dd0d5f7d97098a6c","hash":"0f4897a4626a811fe1645f32c0d56281d65448ef"}
,"C:\\Users\\hp\\Documents\\stonem-frontend\\src\\components\\UI\\base.tsx": {"path":"C:\\Users\\hp\\Documents\\stonem-frontend\\src\\components\\UI\\base.tsx","statementMap":{"0":{"start":{"line":3,"column":0},"end":{"line":5,"column":3}},"1":{"start":{"line":7,"column":14},"end":{"line":7,"column":31}},"2":{"start":{"line":9,"column":24},"end":{"line":9,"column":52}},"3":{"start":{"line":11,"column":25},"end":{"line":11,"column":66}},"4":{"start":{"line":13,"column":14},"end":{"line":13,"column":37}},"5":{"start":{"line":15,"column":39},"end":{"line":15,"column":93}},"6":{"start":{"line":17,"column":13},"end":{"line":21,"column":1}},"7":{"start":{"line":22,"column":0},"end":{"line":22,"column":23}}},"fnMap":{"0":{"name":"_interopRequireDefault","decl":{"start":{"line":15,"column":9},"end":{"line":15,"column":31}},"loc":{"start":{"line":15,"column":37},"end":{"line":15,"column":95}},"line":15}},"branchMap":{"0":{"loc":{"start":{"line":15,"column":46},"end":{"line":15,"column":92}},"type":"cond-expr","locations":[{"start":{"line":15,"column":70},"end":{"line":15,"column":73}},{"start":{"line":15,"column":76},"end":{"line":15,"column":92}}],"line":15},"1":{"loc":{"start":{"line":15,"column":46},"end":{"line":15,"column":67}},"type":"binary-expr","locations":[{"start":{"line":15,"column":46},"end":{"line":15,"column":49}},{"start":{"line":15,"column":53},"end":{"line":15,"column":67}}],"line":15}},"s":{"0":2,"1":2,"2":2,"3":2,"4":2,"5":2,"6":2,"7":2},"f":{"0":2},"b":{"0":[2,0],"1":[2,2]},"_coverageSchema":"332fd63041d2c1bcb487cc26dd0d5f7d97098a6c","hash":"a4f91eac7adb95ce6f8967a47bed3a31ccdb4ca0"}
,"C:\\Users\\hp\\Documents\\stonem-frontend\\src\\components\\UI\\capsText.tsx": {"path":"C:\\Users\\hp\\Documents\\stonem-frontend\\src\\components\\UI\\capsText.tsx","statementMap":{"0":{"start":{"line":3,"column":0},"end":{"line":5,"column":3}},"1":{"start":{"line":7,"column":24},"end":{"line":7,"column":52}},"2":{"start":{"line":9,"column":25},"end":{"line":9,"column":66}},"3":{"start":{"line":11,"column":14},"end":{"line":11,"column":31}},"4":{"start":{"line":13,"column":39},"end":{"line":13,"column":93}},"5":{"start":{"line":15,"column":17},"end":{"line":17,"column":1}},"6":{"start":{"line":18,"column":0},"end":{"line":18,"column":27}}},"fnMap":{"0":{"name":"_interopRequireDefault","decl":{"start":{"line":13,"column":9},"end":{"line":13,"column":31}},"loc":{"start":{"line":13,"column":37},"end":{"line":13,"column":95}},"line":13}},"branchMap":{"0":{"loc":{"start":{"line":13,"column":46},"end":{"line":13,"column":92}},"type":"cond-expr","locations":[{"start":{"line":13,"column":70},"end":{"line":13,"column":73}},{"start":{"line":13,"column":76},"end":{"line":13,"column":92}}],"line":13},"1":{"loc":{"start":{"line":13,"column":46},"end":{"line":13,"column":67}},"type":"binary-expr","locations":[{"start":{"line":13,"column":46},"end":{"line":13,"column":49}},{"start":{"line":13,"column":53},"end":{"line":13,"column":67}}],"line":13}},"s":{"0":2,"1":2,"2":2,"3":2,"4":2,"5":2,"6":2},"f":{"0":2},"b":{"0":[2,0],"1":[2,2]},"_coverageSchema":"332fd63041d2c1bcb487cc26dd0d5f7d97098a6c","hash":"cad777486165fefd36376af7aa9a963a9e0df5c8"}
,"C:\\Users\\hp\\Documents\\stonem-frontend\\src\\components\\UI\\dot.tsx": {"path":"C:\\Users\\hp\\Documents\\stonem-frontend\\src\\components\\UI\\dot.tsx","statementMap":{"0":{"start":{"line":3,"column":0},"end":{"line":5,"column":3}},"1":{"start":{"line":7,"column":24},"end":{"line":7,"column":52}},"2":{"start":{"line":9,"column":25},"end":{"line":9,"column":66}},"3":{"start":{"line":11,"column":14},"end":{"line":11,"column":31}},"4":{"start":{"line":13,"column":39},"end":{"line":13,"column":93}},"5":{"start":{"line":15,"column":12},"end":{"line":20,"column":1}},"6":{"start":{"line":18,"column":31},"end":{"line":18,"column":48}},"7":{"start":{"line":21,"column":0},"end":{"line":21,"column":22}}},"fnMap":{"0":{"name":"_interopRequireDefault","decl":{"start":{"line":13,"column":9},"end":{"line":13,"column":31}},"loc":{"start":{"line":13,"column":37},"end":{"line":13,"column":95}},"line":13},"1":{"name":"(anonymous_1)","decl":{"start":{"line":18,"column":16},"end":{"line":18,"column":17}},"loc":{"start":{"line":18,"column":31},"end":{"line":18,"column":48}},"line":18}},"branchMap":{"0":{"loc":{"start":{"line":13,"column":46},"end":{"line":13,"column":92}},"type":"cond-expr","locations":[{"start":{"line":13,"column":70},"end":{"line":13,"column":73}},{"start":{"line":13,"column":76},"end":{"line":13,"column":92}}],"line":13},"1":{"loc":{"start":{"line":13,"column":46},"end":{"line":13,"column":67}},"type":"binary-expr","locations":[{"start":{"line":13,"column":46},"end":{"line":13,"column":49}},{"start":{"line":13,"column":53},"end":{"line":13,"column":67}}],"line":13}},"s":{"0":2,"1":2,"2":2,"3":2,"4":2,"5":2,"6":2,"7":2},"f":{"0":2,"1":2},"b":{"0":[2,0],"1":[2,2]},"_coverageSchema":"332fd63041d2c1bcb487cc26dd0d5f7d97098a6c","hash":"a42a6d4f0d118d9638177223d7c2f479d78e8dc9"}
,"C:\\Users\\hp\\Documents\\stonem-frontend\\src\\components\\UI\\globalStyle.tsx": {"path":"C:\\Users\\hp\\Documents\\stonem-frontend\\src\\components\\UI\\globalStyle.tsx","statementMap":{"0":{"start":{"line":3,"column":0},"end":{"line":5,"column":3}},"1":{"start":{"line":7,"column":24},"end":{"line":7,"column":52}},"2":{"start":{"line":9,"column":14},"end":{"line":9,"column":37}},"3":{"start":{"line":11,"column":20},"end":{"line":23,"column":1}},"4":{"start":{"line":24,"column":0},"end":{"line":24,"column":30}}},"fnMap":{},"branchMap":{},"s":{"0":2,"1":2,"2":2,"3":2,"4":2},"f":{},"b":{},"_coverageSchema":"332fd63041d2c1bcb487cc26dd0d5f7d97098a6c","hash":"27161b6471e0f45165586966384dad4f7a2d585b"}
,"C:\\Users\\hp\\Documents\\stonem-frontend\\src\\components\\UI\\index.ts": {"path":"C:\\Users\\hp\\Documents\\stonem-frontend\\src\\components\\UI\\index.ts","statementMap":{"0":{"start":{"line":3,"column":0},"end":{"line":5,"column":3}},"1":{"start":{"line":7,"column":12},"end":{"line":7,"column":29}},"2":{"start":{"line":9,"column":0},"end":{"line":14,"column":3}},"3":{"start":{"line":12,"column":4},"end":{"line":12,"column":49}},"4":{"start":{"line":16,"column":16},"end":{"line":16,"column":37}},"5":{"start":{"line":18,"column":0},"end":{"line":23,"column":3}},"6":{"start":{"line":21,"column":4},"end":{"line":21,"column":53}},"7":{"start":{"line":25,"column":11},"end":{"line":25,"column":27}},"8":{"start":{"line":27,"column":0},"end":{"line":32,"column":3}},"9":{"start":{"line":30,"column":4},"end":{"line":30,"column":48}},"10":{"start":{"line":34,"column":13},"end":{"line":34,"column":31}},"11":{"start":{"line":36,"column":0},"end":{"line":41,"column":3}},"12":{"start":{"line":39,"column":4},"end":{"line":39,"column":50}},"13":{"start":{"line":43,"column":19},"end":{"line":43,"column":43}},"14":{"start":{"line":45,"column":0},"end":{"line":50,"column":3}},"15":{"start":{"line":48,"column":4},"end":{"line":48,"column":56}},"16":{"start":{"line":52,"column":39},"end":{"line":52,"column":93}}},"fnMap":{"0":{"name":"(anonymous_0)","decl":{"start":{"line":11,"column":7},"end":{"line":11,"column":8}},"loc":{"start":{"line":11,"column":19},"end":{"line":13,"column":3}},"line":11},"1":{"name":"(anonymous_1)","decl":{"start":{"line":20,"column":7},"end":{"line":20,"column":8}},"loc":{"start":{"line":20,"column":19},"end":{"line":22,"column":3}},"line":20},"2":{"name":"(anonymous_2)","decl":{"start":{"line":29,"column":7},"end":{"line":29,"column":8}},"loc":{"start":{"line":29,"column":19},"end":{"line":31,"column":3}},"line":29},"3":{"name":"(anonymous_3)","decl":{"start":{"line":38,"column":7},"end":{"line":38,"column":8}},"loc":{"start":{"line":38,"column":19},"end":{"line":40,"column":3}},"line":38},"4":{"name":"(anonymous_4)","decl":{"start":{"line":47,"column":7},"end":{"line":47,"column":8}},"loc":{"start":{"line":47,"column":19},"end":{"line":49,"column":3}},"line":47},"5":{"name":"_interopRequireDefault","decl":{"start":{"line":52,"column":9},"end":{"line":52,"column":31}},"loc":{"start":{"line":52,"column":37},"end":{"line":52,"column":95}},"line":52}},"branchMap":{"0":{"loc":{"start":{"line":52,"column":46},"end":{"line":52,"column":92}},"type":"cond-expr","locations":[{"start":{"line":52,"column":70},"end":{"line":52,"column":73}},{"start":{"line":52,"column":76},"end":{"line":52,"column":92}}],"line":52},"1":{"loc":{"start":{"line":52,"column":46},"end":{"line":52,"column":67}},"type":"binary-expr","locations":[{"start":{"line":52,"column":46},"end":{"line":52,"column":49}},{"start":{"line":52,"column":53},"end":{"line":52,"column":67}}],"line":52}},"s":{"0":2,"1":2,"2":2,"3":0,"4":2,"5":2,"6":0,"7":2,"8":2,"9":2,"10":2,"11":2,"12":0,"13":2,"14":2,"15":0,"16":2},"f":{"0":0,"1":0,"2":2,"3":0,"4":0,"5":2},"b":{"0":[2,0],"1":[2,2]},"_coverageSchema":"332fd63041d2c1bcb487cc26dd0d5f7d97098a6c","hash":"638f9e3ad5a78a809ba3a3a4acb216a58e66b9fc"}
,"C:\\Users\\hp\\Documents\\stonem-frontend\\src\\components\\UI\\input.tsx": {"path":"C:\\Users\\hp\\Documents\\stonem-frontend\\src\\components\\UI\\input.tsx","statementMap":{"0":{"start":{"line":3,"column":0},"end":{"line":5,"column":3}},"1":{"start":{"line":7,"column":24},"end":{"line":7,"column":52}},"2":{"start":{"line":9,"column":25},"end":{"line":9,"column":66}},"3":{"start":{"line":11,"column":13},"end":{"line":11,"column":42}},"4":{"start":{"line":13,"column":14},"end":{"line":13,"column":44}},"5":{"start":{"line":15,"column":39},"end":{"line":15,"column":93}},"6":{"start":{"line":17,"column":16},"end":{"line":34,"column":1}},"7":{"start":{"line":18,"column":22},"end":{"line":18,"column":75}},"8":{"start":{"line":19,"column":21},"end":{"line":19,"column":42}},"9":{"start":{"line":20,"column":21},"end":{"line":20,"column":45}},"10":{"start":{"line":21,"column":2},"end":{"line":33,"column":4}},"11":{"start":{"line":35,"column":14},"end":{"line":61,"column":1}},"12":{"start":{"line":60,"column":19},"end":{"line":60,"column":61}},"13":{"start":{"line":62,"column":0},"end":{"line":62,"column":28}},"14":{"start":{"line":63,"column":0},"end":{"line":65,"column":2}},"15":{"start":{"line":66,"column":0},"end":{"line":66,"column":24}}},"fnMap":{"0":{"name":"_interopRequireDefault","decl":{"start":{"line":15,"column":9},"end":{"line":15,"column":31}},"loc":{"start":{"line":15,"column":37},"end":{"line":15,"column":95}},"line":15},"1":{"name":"(anonymous_1)","decl":{"start":{"line":17,"column":16},"end":{"line":17,"column":17}},"loc":{"start":{"line":17,"column":38},"end":{"line":34,"column":1}},"line":17},"2":{"name":"(anonymous_2)","decl":{"start":{"line":60,"column":4},"end":{"line":60,"column":5}},"loc":{"start":{"line":60,"column":19},"end":{"line":60,"column":61}},"line":60}},"branchMap":{"0":{"loc":{"start":{"line":15,"column":46},"end":{"line":15,"column":92}},"type":"cond-expr","locations":[{"start":{"line":15,"column":70},"end":{"line":15,"column":73}},{"start":{"line":15,"column":76},"end":{"line":15,"column":92}}],"line":15},"1":{"loc":{"start":{"line":15,"column":46},"end":{"line":15,"column":67}},"type":"binary-expr","locations":[{"start":{"line":15,"column":46},"end":{"line":15,"column":49}},{"start":{"line":15,"column":53},"end":{"line":15,"column":67}}],"line":15},"2":{"loc":{"start":{"line":18,"column":22},"end":{"line":18,"column":75}},"type":"cond-expr","locations":[{"start":{"line":18,"column":30},"end":{"line":18,"column":49}},{"start":{"line":18,"column":52},"end":{"line":18,"column":75}}],"line":18}},"s":{"0":2,"1":2,"2":2,"3":2,"4":2,"5":4,"6":2,"7":0,"8":0,"9":0,"10":0,"11":2,"12":0,"13":2,"14":2,"15":2},"f":{"0":4,"1":0,"2":0},"b":{"0":[4,0],"1":[4,4],"2":[0,0]},"_coverageSchema":"332fd63041d2c1bcb487cc26dd0d5f7d97098a6c","hash":"ddf21b82b8712ec33298c18bf24d00e13ae78366"}
,"C:\\Users\\hp\\Documents\\stonem-frontend\\src\\config\\app.ts": {"path":"C:\\Users\\hp\\Documents\\stonem-frontend\\src\\config\\app.ts","statementMap":{"0":{"start":{"line":3,"column":0},"end":{"line":5,"column":3}},"1":{"start":{"line":6,"column":13},"end":{"line":6,"column":21}},"2":{"start":{"line":7,"column":16},"end":{"line":7,"column":45}},"3":{"start":{"line":8,"column":23},"end":{"line":8,"column":339}},"4":{"start":{"line":9,"column":24},"end":{"line":9,"column":76}},"5":{"start":{"line":10,"column":23},"end":{"line":22,"column":2}},"6":{"start":{"line":23,"column":0},"end":{"line":29,"column":2}}},"fnMap":{},"branchMap":{},"s":{"0":2,"1":2,"2":2,"3":2,"4":2,"5":2,"6":2},"f":{},"b":{},"_coverageSchema":"332fd63041d2c1bcb487cc26dd0d5f7d97098a6c","hash":"81be46252bf4b275263f11de64ea97ca4e1cea25"}
,"C:\\Users\\hp\\Documents\\stonem-frontend\\src\\config\\index.ts": {"path":"C:\\Users\\hp\\Documents\\stonem-frontend\\src\\config\\index.ts","statementMap":{"0":{"start":{"line":3,"column":0},"end":{"line":5,"column":3}},"1":{"start":{"line":7,"column":11},"end":{"line":7,"column":27}},"2":{"start":{"line":9,"column":0},"end":{"line":14,"column":3}},"3":{"start":{"line":12,"column":4},"end":{"line":12,"column":48}},"4":{"start":{"line":16,"column":13},"end":{"line":16,"column":31}},"5":{"start":{"line":18,"column":0},"end":{"line":23,"column":3}},"6":{"start":{"line":21,"column":4},"end":{"line":21,"column":50}},"7":{"start":{"line":25,"column":39},"end":{"line":25,"column":93}}},"fnMap":{"0":{"name":"(anonymous_0)","decl":{"start":{"line":11,"column":7},"end":{"line":11,"column":8}},"loc":{"start":{"line":11,"column":19},"end":{"line":13,"column":3}},"line":11},"1":{"name":"(anonymous_1)","decl":{"start":{"line":20,"column":7},"end":{"line":20,"column":8}},"loc":{"start":{"line":20,"column":19},"end":{"line":22,"column":3}},"line":20},"2":{"name":"_interopRequireDefault","decl":{"start":{"line":25,"column":9},"end":{"line":25,"column":31}},"loc":{"start":{"line":25,"column":37},"end":{"line":25,"column":95}},"line":25}},"branchMap":{"0":{"loc":{"start":{"line":25,"column":46},"end":{"line":25,"column":92}},"type":"cond-expr","locations":[{"start":{"line":25,"column":70},"end":{"line":25,"column":73}},{"start":{"line":25,"column":76},"end":{"line":25,"column":92}}],"line":25},"1":{"loc":{"start":{"line":25,"column":46},"end":{"line":25,"column":67}},"type":"binary-expr","locations":[{"start":{"line":25,"column":46},"end":{"line":25,"column":49}},{"start":{"line":25,"column":53},"end":{"line":25,"column":67}}],"line":25}},"s":{"0":2,"1":2,"2":2,"3":0,"4":2,"5":2,"6":6,"7":6},"f":{"0":0,"1":6,"2":6},"b":{"0":[6,0],"1":[6,6]},"_coverageSchema":"332fd63041d2c1bcb487cc26dd0d5f7d97098a6c","hash":"f84b24d22ea30ec03843cd906082ca0c247d68ce"}
,"C:\\Users\\hp\\Documents\\stonem-frontend\\src\\config\\theme.ts": {"path":"C:\\Users\\hp\\Documents\\stonem-frontend\\src\\config\\theme.ts","statementMap":{"0":{"start":{"line":3,"column":0},"end":{"line":5,"column":3}},"1":{"start":{"line":6,"column":13},"end":{"line":6,"column":22}},"2":{"start":{"line":7,"column":13},"end":{"line":7,"column":22}},"3":{"start":{"line":8,"column":18},"end":{"line":8,"column":27}},"4":{"start":{"line":9,"column":20},"end":{"line":9,"column":29}},"5":{"start":{"line":10,"column":17},"end":{"line":10,"column":23}},"6":{"start":{"line":11,"column":19},"end":{"line":11,"column":25}},"7":{"start":{"line":12,"column":20},"end":{"line":12,"column":26}},"8":{"start":{"line":13,"column":24},"end":{"line":13,"column":33}},"9":{"start":{"line":14,"column":22},"end":{"line":14,"column":31}},"10":{"start":{"line":15,"column":18},"end":{"line":15,"column":24}},"11":{"start":{"line":16,"column":21},"end":{"line":16,"column":23}},"12":{"start":{"line":17,"column":21},"end":{"line":17,"column":23}},"13":{"start":{"line":18,"column":14},"end":{"line":18,"column":45}},"14":{"start":{"line":19,"column":18},"end":{"line":19,"column":50}},"15":{"start":{"line":20,"column":20},"end":{"line":20,"column":27}},"16":{"start":{"line":21,"column":20},"end":{"line":21,"column":80}},"17":{"start":{"line":22,"column":0},"end":{"line":107,"column":2}}},"fnMap":{},"branchMap":{},"s":{"0":2,"1":2,"2":2,"3":2,"4":2,"5":2,"6":2,"7":2,"8":2,"9":2,"10":2,"11":2,"12":2,"13":2,"14":2,"15":2,"16":2,"17":2},"f":{},"b":{},"_coverageSchema":"332fd63041d2c1bcb487cc26dd0d5f7d97098a6c","hash":"2f00eac5e6621616ffb55d51c9de694ef13a9ada"}
}
