TN:
SF:C:\Users\hp\Documents\stonem-frontend\src\components\FilterSuite\filterButton.tsx
FN:17,_interopRequireWildcard
FN:19,(anonymous_1)
FNF:2
FNH:2
FNDA:2,_interopRequireWildcard
FNDA:5,(anonymous_1)
DA:3,2
DA:7,2
DA:9,2
DA:11,2
DA:13,2
DA:15,2
DA:17,38
DA:19,5
DA:24,2
DA:27,2
LF:10
LH:10
BRDA:17,0,0,0
BRDA:17,0,1,2
BRDA:17,1,0,2
BRDA:17,1,1,2
BRDA:17,2,0,2
BRDA:17,2,1,0
BRDA:17,3,0,38
BRDA:17,3,1,0
BRDA:19,4,0,5
BRDA:19,4,1,2
BRF:10
BRH:7
end_of_record
TN:
SF:C:\Users\hp\Documents\stonem-frontend\src\components\FilterSuite\filterCriteriaBar.tsx
FN:15,_interopRequireWildcard
FN:17,(anonymous_1)
FN:17,(anonymous_2)
FNF:3
FNH:3
FNDA:1,_interopRequireWildcard
FNDA:1,(anonymous_1)
FNDA:3,(anonymous_2)
DA:3,1
DA:7,1
DA:9,1
DA:11,1
DA:13,1
DA:15,19
DA:17,3
DA:18,1
LF:8
LH:8
BRDA:15,0,0,0
BRDA:15,0,1,1
BRDA:15,1,0,1
BRDA:15,1,1,1
BRDA:15,2,0,1
BRDA:15,2,1,0
BRDA:15,3,0,19
BRDA:15,3,1,0
BRF:8
BRH:5
end_of_record
TN:
SF:C:\Users\hp\Documents\stonem-frontend\src\components\FilterSuite\filterCriteriaHeading.tsx
FN:15,_interopRequireWildcard
FN:17,(anonymous_1)
FNF:2
FNH:1
FNDA:1,_interopRequireWildcard
FNDA:0,(anonymous_1)
DA:3,1
DA:7,1
DA:9,1
DA:11,1
DA:13,1
DA:15,19
DA:17,1
DA:18,0
DA:20,1
LF:9
LH:8
BRDA:15,0,0,0
BRDA:15,0,1,1
BRDA:15,1,0,1
BRDA:15,1,1,1
BRDA:15,2,0,1
BRDA:15,2,1,0
BRDA:15,3,0,19
BRDA:15,3,1,0
BRF:8
BRH:5
end_of_record
TN:
SF:C:\Users\hp\Documents\stonem-frontend\src\components\FilterSuite\filterLayoutSwitcher.tsx
FN:13,_interopRequireWildcard
FN:15,(anonymous_1)
FNF:2
FNH:1
FNDA:1,_interopRequireWildcard
FNDA:0,(anonymous_1)
DA:3,1
DA:7,1
DA:9,1
DA:11,1
DA:13,19
DA:15,1
DA:16,1
LF:7
LH:7
BRDA:13,0,0,0
BRDA:13,0,1,1
BRDA:13,1,0,1
BRDA:13,1,1,1
BRDA:13,2,0,1
BRDA:13,2,1,0
BRDA:13,3,0,19
BRDA:13,3,1,0
BRF:8
BRH:5
end_of_record
TN:
SF:C:\Users\hp\Documents\stonem-frontend\src\components\FilterSuite\filterSearchBar.tsx
FN:15,_interopRequireWildcard
FN:17,(anonymous_1)
FNF:2
FNH:1
FNDA:1,_interopRequireWildcard
FNDA:0,(anonymous_1)
DA:3,1
DA:7,1
DA:9,1
DA:11,1
DA:13,1
DA:15,19
DA:17,1
DA:18,0
DA:20,1
LF:9
LH:8
BRDA:15,0,0,0
BRDA:15,0,1,1
BRDA:15,1,0,1
BRDA:15,1,1,1
BRDA:15,2,0,1
BRDA:15,2,1,0
BRDA:15,3,0,19
BRDA:15,3,1,0
BRF:8
BRH:5
end_of_record
TN:
SF:C:\Users\hp\Documents\stonem-frontend\src\components\FilterSuite\index.tsx
FN:11,(anonymous_0)
FN:20,(anonymous_1)
FN:29,(anonymous_2)
FN:38,(anonymous_3)
FN:47,(anonymous_4)
FN:52,_interopRequireDefault
FNF:6
FNH:2
FNDA:3,(anonymous_0)
FNDA:0,(anonymous_1)
FNDA:0,(anonymous_2)
FNDA:0,(anonymous_3)
FNDA:0,(anonymous_4)
FNDA:3,_interopRequireDefault
DA:3,1
DA:7,1
DA:9,1
DA:12,3
DA:16,1
DA:18,1
DA:21,0
DA:25,1
DA:27,1
DA:30,0
DA:34,1
DA:36,1
DA:39,0
DA:43,1
DA:45,1
DA:48,0
DA:52,3
LF:17
LH:13
BRDA:52,0,0,3
BRDA:52,0,1,0
BRDA:52,1,0,3
BRDA:52,1,1,3
BRF:4
BRH:3
end_of_record
TN:
SF:C:\Users\hp\Documents\stonem-frontend\src\components\UI\base.tsx
FN:15,_interopRequireDefault
FNF:1
FNH:1
FNDA:2,_interopRequireDefault
DA:3,2
DA:7,2
DA:9,2
DA:11,2
DA:13,2
DA:15,2
DA:17,2
DA:22,2
LF:8
LH:8
BRDA:15,0,0,2
BRDA:15,0,1,0
BRDA:15,1,0,2
BRDA:15,1,1,2
BRF:4
BRH:3
end_of_record
TN:
SF:C:\Users\hp\Documents\stonem-frontend\src\components\UI\capsText.tsx
FN:13,_interopRequireDefault
FNF:1
FNH:1
FNDA:2,_interopRequireDefault
DA:3,2
DA:7,2
DA:9,2
DA:11,2
DA:13,2
DA:15,2
DA:18,2
LF:7
LH:7
BRDA:13,0,0,2
BRDA:13,0,1,0
BRDA:13,1,0,2
BRDA:13,1,1,2
BRF:4
BRH:3
end_of_record
TN:
SF:C:\Users\hp\Documents\stonem-frontend\src\components\UI\dot.tsx
FN:13,_interopRequireDefault
FN:18,(anonymous_1)
FNF:2
FNH:2
FNDA:2,_interopRequireDefault
FNDA:2,(anonymous_1)
DA:3,2
DA:7,2
DA:9,2
DA:11,2
DA:13,2
DA:15,2
DA:18,2
DA:21,2
LF:8
LH:8
BRDA:13,0,0,2
BRDA:13,0,1,0
BRDA:13,1,0,2
BRDA:13,1,1,2
BRF:4
BRH:3
end_of_record
TN:
SF:C:\Users\hp\Documents\stonem-frontend\src\components\UI\globalStyle.tsx
FNF:0
FNH:0
DA:3,2
DA:7,2
DA:9,2
DA:11,2
DA:24,2
LF:5
LH:5
BRF:0
BRH:0
end_of_record
TN:
SF:C:\Users\hp\Documents\stonem-frontend\src\components\UI\index.ts
FN:11,(anonymous_0)
FN:20,(anonymous_1)
FN:29,(anonymous_2)
FN:38,(anonymous_3)
FN:47,(anonymous_4)
FN:52,_interopRequireDefault
FNF:6
FNH:2
FNDA:0,(anonymous_0)
FNDA:0,(anonymous_1)
FNDA:2,(anonymous_2)
FNDA:0,(anonymous_3)
FNDA:0,(anonymous_4)
FNDA:2,_interopRequireDefault
DA:3,2
DA:7,2
DA:9,2
DA:12,0
DA:16,2
DA:18,2
DA:21,0
DA:25,2
DA:27,2
DA:30,2
DA:34,2
DA:36,2
DA:39,0
DA:43,2
DA:45,2
DA:48,0
DA:52,2
LF:17
LH:13
BRDA:52,0,0,2
BRDA:52,0,1,0
BRDA:52,1,0,2
BRDA:52,1,1,2
BRF:4
BRH:3
end_of_record
TN:
SF:C:\Users\hp\Documents\stonem-frontend\src\components\UI\input.tsx
FN:15,_interopRequireDefault
FN:17,(anonymous_1)
FN:60,(anonymous_2)
FNF:3
FNH:1
FNDA:4,_interopRequireDefault
FNDA:0,(anonymous_1)
FNDA:0,(anonymous_2)
DA:3,2
DA:7,2
DA:9,2
DA:11,2
DA:13,2
DA:15,4
DA:17,2
DA:18,0
DA:19,0
DA:20,0
DA:21,0
DA:35,2
DA:60,0
DA:62,2
DA:63,2
DA:66,2
LF:16
LH:11
BRDA:15,0,0,4
BRDA:15,0,1,0
BRDA:15,1,0,4
BRDA:15,1,1,4
BRDA:18,2,0,0
BRDA:18,2,1,0
BRF:6
BRH:3
end_of_record
TN:
SF:C:\Users\hp\Documents\stonem-frontend\src\config\app.ts
FNF:0
FNH:0
DA:3,2
DA:6,2
DA:7,2
DA:8,2
DA:9,2
DA:10,2
DA:23,2
LF:7
LH:7
BRF:0
BRH:0
end_of_record
TN:
SF:C:\Users\hp\Documents\stonem-frontend\src\config\index.ts
FN:11,(anonymous_0)
FN:20,(anonymous_1)
FN:25,_interopRequireDefault
FNF:3
FNH:2
FNDA:0,(anonymous_0)
FNDA:6,(anonymous_1)
FNDA:6,_interopRequireDefault
DA:3,2
DA:7,2
DA:9,2
DA:12,0
DA:16,2
DA:18,2
DA:21,6
DA:25,6
LF:8
LH:7
BRDA:25,0,0,6
BRDA:25,0,1,0
BRDA:25,1,0,6
BRDA:25,1,1,6
BRF:4
BRH:3
end_of_record
TN:
SF:C:\Users\hp\Documents\stonem-frontend\src\config\theme.ts
FNF:0
FNH:0
DA:3,2
DA:6,2
DA:7,2
DA:8,2
DA:9,2
DA:10,2
DA:11,2
DA:12,2
DA:13,2
DA:14,2
DA:15,2
DA:16,2
DA:17,2
DA:18,2
DA:19,2
DA:20,2
DA:21,2
DA:22,2
LF:18
LH:18
BRF:0
BRH:0
end_of_record
