TN:
SF:C:\Users\hp\Documents\stonem-frontend\src\components\AddWallets\activationRequirementHeading.tsx
FN:17,_interopRequireWildcard
FN:27,(anonymous_1)
FNF:2
FNH:2
FNDA:1,_interopRequireWildcard
FNDA:2,(anonymous_1)
DA:3,1
DA:7,1
DA:9,1
DA:11,1
DA:13,1
DA:15,1
DA:17,19
DA:27,1
DA:28,2
DA:38,1
LF:10
LH:10
BRDA:17,0,0,0
BRDA:17,0,1,1
BRDA:17,1,0,1
BRDA:17,1,1,1
BRDA:17,2,0,1
BRDA:17,2,1,0
BRDA:17,3,0,19
BRDA:17,3,1,0
BRF:8
BRH:5
end_of_record
TN:
SF:C:\Users\hp\Documents\stonem-frontend\src\components\AddWallets\addWalletsComponent.tsx
FN:25,_interopRequireDefault
FN:27,_interopRequireWildcard
FN:43,(anonymous_2)
FN:53,(anonymous_3)
FNF:4
FNH:3
FNDA:2,_interopRequireDefault
FNDA:1,_interopRequireWildcard
FNDA:1,(anonymous_2)
FNDA:0,(anonymous_3)
DA:3,1
DA:7,1
DA:9,1
DA:11,1
DA:13,1
DA:15,1
DA:17,1
DA:19,1
DA:21,1
DA:23,1
DA:25,2
DA:27,19
DA:29,1
DA:43,1
DA:53,0
DA:54,1
LF:16
LH:15
BRDA:25,0,0,2
BRDA:25,0,1,0
BRDA:25,1,0,2
BRDA:25,1,1,2
BRDA:27,2,0,0
BRDA:27,2,1,1
BRDA:27,3,0,1
BRDA:27,3,1,1
BRDA:27,4,0,1
BRDA:27,4,1,0
BRDA:27,5,0,19
BRDA:27,5,1,0
BRF:12
BRH:8
end_of_record
TN:
SF:C:\Users\hp\Documents\stonem-frontend\src\components\AddWallets\index.tsx
FN:11,(anonymous_0)
FN:16,_interopRequireDefault
FNF:2
FNH:2
FNDA:1,(anonymous_0)
FNDA:1,_interopRequireDefault
DA:3,1
DA:7,1
DA:9,1
DA:12,1
DA:16,1
LF:5
LH:5
BRDA:16,0,0,1
BRDA:16,0,1,0
BRDA:16,1,0,1
BRDA:16,1,1,1
BRF:4
BRH:3
end_of_record
TN:
SF:C:\Users\hp\Documents\stonem-frontend\src\components\FilterSuite\filterButton.tsx
FN:15,_interopRequireWildcard
FN:17,(anonymous_1)
FNF:2
FNH:2
FNDA:3,_interopRequireWildcard
FNDA:13,(anonymous_1)
DA:3,3
DA:7,3
DA:9,3
DA:11,3
DA:13,3
DA:15,57
DA:17,13
DA:22,3
DA:25,3
LF:9
LH:9
BRDA:15,0,0,0
BRDA:15,0,1,3
BRDA:15,1,0,3
BRDA:15,1,1,3
BRDA:15,2,0,3
BRDA:15,2,1,0
BRDA:15,3,0,57
BRDA:15,3,1,0
BRDA:17,4,0,13
BRDA:17,4,1,5
BRF:10
BRH:7
end_of_record
TN:
SF:C:\Users\hp\Documents\stonem-frontend\src\components\FilterSuite\filterCriteriaBar.tsx
FN:15,_interopRequireWildcard
FN:17,(anonymous_1)
FN:17,(anonymous_2)
FNF:3
FNH:3
FNDA:2,_interopRequireWildcard
FNDA:2,(anonymous_1)
FNDA:11,(anonymous_2)
DA:3,2
DA:7,2
DA:9,2
DA:11,2
DA:13,2
DA:15,38
DA:17,11
DA:18,2
LF:8
LH:8
BRDA:15,0,0,0
BRDA:15,0,1,2
BRDA:15,1,0,2
BRDA:15,1,1,2
BRDA:15,2,0,2
BRDA:15,2,1,0
BRDA:15,3,0,38
BRDA:15,3,1,0
BRF:8
BRH:5
end_of_record
TN:
SF:C:\Users\hp\Documents\stonem-frontend\src\components\FilterSuite\filterCriteriaHeading.tsx
FN:15,_interopRequireWildcard
FN:17,(anonymous_1)
FNF:2
FNH:2
FNDA:3,_interopRequireWildcard
FNDA:2,(anonymous_1)
DA:3,3
DA:7,3
DA:9,3
DA:11,3
DA:13,3
DA:15,57
DA:17,3
DA:18,2
DA:20,3
LF:9
LH:9
BRDA:15,0,0,0
BRDA:15,0,1,3
BRDA:15,1,0,3
BRDA:15,1,1,3
BRDA:15,2,0,3
BRDA:15,2,1,0
BRDA:15,3,0,57
BRDA:15,3,1,0
BRF:8
BRH:5
end_of_record
TN:
SF:C:\Users\hp\Documents\stonem-frontend\src\components\FilterSuite\filterLayoutSwitcher.tsx
FN:15,_interopRequireWildcard
FN:17,(anonymous_1)
FNF:2
FNH:2
FNDA:3,_interopRequireWildcard
FNDA:2,(anonymous_1)
DA:3,3
DA:7,3
DA:9,3
DA:11,3
DA:13,3
DA:15,57
DA:17,3
DA:18,3
LF:8
LH:8
BRDA:15,0,0,0
BRDA:15,0,1,3
BRDA:15,1,0,3
BRDA:15,1,1,3
BRDA:15,2,0,3
BRDA:15,2,1,0
BRDA:15,3,0,57
BRDA:15,3,1,0
BRF:8
BRH:5
end_of_record
TN:
SF:C:\Users\hp\Documents\stonem-frontend\src\components\FilterSuite\filterSearchBar.tsx
FN:15,_interopRequireWildcard
FN:17,(anonymous_1)
FNF:2
FNH:2
FNDA:3,_interopRequireWildcard
FNDA:2,(anonymous_1)
DA:3,3
DA:7,3
DA:9,3
DA:11,3
DA:13,3
DA:15,57
DA:17,3
DA:18,2
DA:22,3
LF:9
LH:9
BRDA:15,0,0,0
BRDA:15,0,1,3
BRDA:15,1,0,3
BRDA:15,1,1,3
BRDA:15,2,0,3
BRDA:15,2,1,0
BRDA:15,3,0,57
BRDA:15,3,1,0
BRF:8
BRH:5
end_of_record
TN:
SF:C:\Users\hp\Documents\stonem-frontend\src\components\FilterSuite\index.tsx
FN:11,(anonymous_0)
FN:20,(anonymous_1)
FN:29,(anonymous_2)
FN:38,(anonymous_3)
FN:47,(anonymous_4)
FN:52,_interopRequireDefault
FNF:6
FNH:6
FNDA:11,(anonymous_0)
FNDA:1,(anonymous_1)
FNDA:1,(anonymous_2)
FNDA:1,(anonymous_3)
FNDA:1,(anonymous_4)
FNDA:15,_interopRequireDefault
DA:3,2
DA:7,2
DA:9,2
DA:12,11
DA:16,2
DA:18,2
DA:21,1
DA:25,2
DA:27,2
DA:30,1
DA:34,2
DA:36,2
DA:39,1
DA:43,2
DA:45,2
DA:48,1
DA:52,15
LF:17
LH:17
BRDA:52,0,0,15
BRDA:52,0,1,0
BRDA:52,1,0,15
BRDA:52,1,1,15
BRF:4
BRH:3
end_of_record
TN:
SF:C:\Users\hp\Documents\stonem-frontend\src\components\Header\headerComponent.tsx
FN:19,_interopRequireWildcard
FN:33,(anonymous_1)
FNF:2
FNH:2
FNDA:1,_interopRequireWildcard
FNDA:1,(anonymous_1)
DA:3,1
DA:7,1
DA:9,1
DA:11,1
DA:13,1
DA:15,1
DA:17,1
DA:19,19
DA:21,1
DA:33,1
DA:34,1
LF:11
LH:11
BRDA:19,0,0,0
BRDA:19,0,1,1
BRDA:19,1,0,1
BRDA:19,1,1,1
BRDA:19,2,0,1
BRDA:19,2,1,0
BRDA:19,3,0,19
BRDA:19,3,1,0
BRF:8
BRH:5
end_of_record
TN:
SF:C:\Users\hp\Documents\stonem-frontend\src\components\Home\homeComponent.tsx
FN:19,_interopRequireWildcard
FN:29,(anonymous_1)
FN:32,(anonymous_2)
FN:32,(anonymous_3)
FNF:4
FNH:3
FNDA:1,_interopRequireWildcard
FNDA:1,(anonymous_1)
FNDA:0,(anonymous_2)
FNDA:12,(anonymous_3)
DA:3,1
DA:7,1
DA:9,1
DA:11,1
DA:13,1
DA:15,1
DA:17,1
DA:19,19
DA:21,1
DA:29,1
DA:30,1
DA:32,12
DA:34,1
LF:13
LH:13
BRDA:19,0,0,0
BRDA:19,0,1,1
BRDA:19,1,0,1
BRDA:19,1,1,1
BRDA:19,2,0,1
BRDA:19,2,1,0
BRDA:19,3,0,19
BRDA:19,3,1,0
BRF:8
BRH:5
end_of_record
TN:
SF:C:\Users\hp\Documents\stonem-frontend\src\components\Icons\addMasternodeIcon.tsx
FN:11,_interopRequireWildcard
FN:13,(anonymous_1)
FN:20,(anonymous_2)
FNF:3
FNH:3
FNDA:9,_interopRequireWildcard
FNDA:1,(anonymous_1)
FNDA:1,(anonymous_2)
DA:3,9
DA:7,9
DA:9,9
DA:11,171
DA:13,9
DA:14,1
DA:15,1
DA:16,1
DA:17,1
DA:20,9
DA:21,1
DA:22,1
DA:23,1
DA:25,9
DA:28,9
LF:15
LH:15
BRDA:11,0,0,0
BRDA:11,0,1,9
BRDA:11,1,0,9
BRDA:11,1,1,9
BRDA:11,2,0,9
BRDA:11,2,1,0
BRDA:11,3,0,171
BRDA:11,3,1,0
BRDA:13,4,0,9
BRDA:13,4,1,0
BRDA:13,4,2,9
BRDA:15,5,0,0
BRDA:15,5,1,1
BRDA:15,6,0,1
BRDA:15,6,1,1
BRDA:16,7,0,1
BRDA:16,7,1,0
BRDA:16,8,0,1
BRDA:16,8,1,1
BRDA:16,9,0,0
BRDA:16,9,1,0
BRF:21
BRH:13
end_of_record
TN:
SF:C:\Users\hp\Documents\stonem-frontend\src\components\Icons\cardsIcon.tsx
FN:11,_interopRequireWildcard
FN:13,(anonymous_1)
FN:20,(anonymous_2)
FNF:3
FNH:3
FNDA:9,_interopRequireWildcard
FNDA:2,(anonymous_1)
FNDA:2,(anonymous_2)
DA:3,9
DA:7,9
DA:9,9
DA:11,171
DA:13,9
DA:14,2
DA:15,2
DA:16,2
DA:17,2
DA:20,9
DA:21,2
DA:22,2
DA:24,9
LF:13
LH:13
BRDA:11,0,0,0
BRDA:11,0,1,9
BRDA:11,1,0,9
BRDA:11,1,1,9
BRDA:11,2,0,9
BRDA:11,2,1,0
BRDA:11,3,0,171
BRDA:11,3,1,0
BRDA:13,4,0,9
BRDA:13,4,1,0
BRDA:13,4,2,9
BRDA:15,5,0,0
BRDA:15,5,1,0
BRDA:15,6,0,0
BRDA:15,6,1,0
BRDA:16,7,0,2
BRDA:16,7,1,0
BRDA:16,8,0,2
BRDA:16,8,1,2
BRDA:16,9,0,0
BRDA:16,9,1,0
BRF:21
BRH:10
end_of_record
TN:
SF:C:\Users\hp\Documents\stonem-frontend\src\components\Icons\index.tsx
FN:11,(anonymous_0)
FN:20,(anonymous_1)
FN:29,(anonymous_2)
FN:38,(anonymous_3)
FN:47,(anonymous_4)
FN:56,(anonymous_5)
FN:61,_interopRequireDefault
FNF:7
FNH:7
FNDA:8,(anonymous_0)
FNDA:2,(anonymous_1)
FNDA:2,(anonymous_2)
FNDA:1,(anonymous_3)
FNDA:8,(anonymous_4)
FNDA:8,(anonymous_5)
FNDA:29,_interopRequireDefault
DA:3,9
DA:7,9
DA:9,9
DA:12,8
DA:16,9
DA:18,9
DA:21,2
DA:25,9
DA:27,9
DA:30,2
DA:34,9
DA:36,9
DA:39,1
DA:43,9
DA:45,9
DA:48,8
DA:52,9
DA:54,9
DA:57,8
DA:61,29
LF:20
LH:20
BRDA:61,0,0,29
BRDA:61,0,1,0
BRDA:61,1,0,29
BRDA:61,1,1,29
BRF:4
BRH:3
end_of_record
TN:
SF:C:\Users\hp\Documents\stonem-frontend\src\components\Icons\listIcon.tsx
FN:11,_interopRequireWildcard
FN:13,(anonymous_1)
FN:20,(anonymous_2)
FNF:3
FNH:3
FNDA:9,_interopRequireWildcard
FNDA:2,(anonymous_1)
FNDA:2,(anonymous_2)
DA:3,9
DA:7,9
DA:9,9
DA:11,171
DA:13,9
DA:14,2
DA:15,2
DA:16,2
DA:17,2
DA:20,9
DA:21,2
DA:22,2
DA:24,9
LF:13
LH:13
BRDA:11,0,0,0
BRDA:11,0,1,9
BRDA:11,1,0,9
BRDA:11,1,1,9
BRDA:11,2,0,9
BRDA:11,2,1,0
BRDA:11,3,0,171
BRDA:11,3,1,0
BRDA:13,4,0,9
BRDA:13,4,1,0
BRDA:13,4,2,9
BRDA:15,5,0,0
BRDA:15,5,1,0
BRDA:15,6,0,0
BRDA:15,6,1,0
BRDA:16,7,0,2
BRDA:16,7,1,0
BRDA:16,8,0,2
BRDA:16,8,1,2
BRDA:16,9,0,0
BRDA:16,9,1,0
BRF:21
BRH:10
end_of_record
TN:
SF:C:\Users\hp\Documents\stonem-frontend\src\components\Icons\loginIcon.tsx
FN:15,_interopRequireDefault
FN:17,_interopRequireWildcard
FN:19,(anonymous_2)
FN:26,(anonymous_3)
FNF:4
FNH:4
FNDA:9,_interopRequireDefault
FNDA:9,_interopRequireWildcard
FNDA:1,(anonymous_2)
FNDA:1,(anonymous_3)
DA:3,9
DA:7,9
DA:9,9
DA:11,9
DA:13,9
DA:15,9
DA:17,171
DA:19,9
DA:20,1
DA:21,1
DA:22,1
DA:23,1
DA:26,9
DA:27,1
DA:28,1
DA:30,9
DA:35,9
LF:17
LH:17
BRDA:15,0,0,9
BRDA:15,0,1,0
BRDA:15,1,0,9
BRDA:15,1,1,9
BRDA:17,2,0,0
BRDA:17,2,1,9
BRDA:17,3,0,9
BRDA:17,3,1,9
BRDA:17,4,0,9
BRDA:17,4,1,0
BRDA:17,5,0,171
BRDA:17,5,1,0
BRDA:19,6,0,9
BRDA:19,6,1,0
BRDA:19,6,2,9
BRDA:21,7,0,1
BRDA:21,7,1,0
BRDA:21,8,0,1
BRDA:21,8,1,1
BRDA:22,9,0,1
BRDA:22,9,1,0
BRDA:22,10,0,1
BRDA:22,10,1,1
BRDA:22,11,0,0
BRDA:22,11,1,0
BRF:25
BRH:16
end_of_record
TN:
SF:C:\Users\hp\Documents\stonem-frontend\src\components\Icons\masternodeManagementIcon.tsx
FN:11,_interopRequireWildcard
FN:13,(anonymous_1)
FN:20,(anonymous_2)
FNF:3
FNH:3
FNDA:9,_interopRequireWildcard
FNDA:1,(anonymous_1)
FNDA:1,(anonymous_2)
DA:3,9
DA:7,9
DA:9,9
DA:11,171
DA:13,9
DA:14,1
DA:15,1
DA:16,1
DA:17,1
DA:20,9
DA:21,1
DA:22,1
DA:23,1
DA:25,9
DA:28,9
LF:15
LH:15
BRDA:11,0,0,0
BRDA:11,0,1,9
BRDA:11,1,0,9
BRDA:11,1,1,9
BRDA:11,2,0,9
BRDA:11,2,1,0
BRDA:11,3,0,171
BRDA:11,3,1,0
BRDA:13,4,0,9
BRDA:13,4,1,0
BRDA:13,4,2,9
BRDA:15,5,0,0
BRDA:15,5,1,1
BRDA:15,6,0,1
BRDA:15,6,1,1
BRDA:16,7,0,1
BRDA:16,7,1,0
BRDA:16,8,0,1
BRDA:16,8,1,1
BRDA:16,9,0,0
BRDA:16,9,1,0
BRF:21
BRH:13
end_of_record
TN:
SF:C:\Users\hp\Documents\stonem-frontend\src\components\Icons\walletManagementIcon.tsx
FN:11,_interopRequireWildcard
FN:13,(anonymous_1)
FN:20,(anonymous_2)
FNF:3
FNH:3
FNDA:9,_interopRequireWildcard
FNDA:1,(anonymous_1)
FNDA:1,(anonymous_2)
DA:3,9
DA:7,9
DA:9,9
DA:11,171
DA:13,9
DA:14,1
DA:15,1
DA:16,1
DA:17,1
DA:20,9
DA:21,1
DA:22,1
DA:23,1
DA:25,9
DA:28,9
LF:15
LH:15
BRDA:11,0,0,0
BRDA:11,0,1,9
BRDA:11,1,0,9
BRDA:11,1,1,9
BRDA:11,2,0,9
BRDA:11,2,1,0
BRDA:11,3,0,171
BRDA:11,3,1,0
BRDA:13,4,0,9
BRDA:13,4,1,0
BRDA:13,4,2,9
BRDA:15,5,0,0
BRDA:15,5,1,1
BRDA:15,6,0,1
BRDA:15,6,1,1
BRDA:16,7,0,1
BRDA:16,7,1,0
BRDA:16,8,0,1
BRDA:16,8,1,1
BRDA:16,9,0,0
BRDA:16,9,1,0
BRF:21
BRH:13
end_of_record
TN:
SF:C:\Users\hp\Documents\stonem-frontend\src\components\IncomeStatsSuite\incomeStat.tsx
FN:15,_interopRequireWildcard
FN:17,(anonymous_1)
FN:24,(anonymous_2)
FNF:3
FNH:3
FNDA:1,_interopRequireWildcard
FNDA:48,(anonymous_1)
FNDA:48,(anonymous_2)
DA:3,1
DA:7,1
DA:9,1
DA:11,1
DA:13,1
DA:15,19
DA:17,1
DA:18,48
DA:19,132
DA:20,48
DA:21,48
DA:24,1
DA:25,48
DA:26,48
DA:27,48
DA:28,48
DA:30,1
DA:33,1
LF:18
LH:18
BRDA:15,0,0,0
BRDA:15,0,1,1
BRDA:15,1,0,1
BRDA:15,1,1,1
BRDA:15,2,0,1
BRDA:15,2,1,0
BRDA:15,3,0,19
BRDA:15,3,1,0
BRDA:17,4,0,1
BRDA:17,4,1,0
BRDA:17,4,2,1
BRDA:19,5,0,36
BRDA:19,5,1,96
BRDA:19,6,0,132
BRDA:19,6,1,132
BRDA:20,7,0,48
BRDA:20,7,1,0
BRDA:20,8,0,48
BRDA:20,8,1,48
BRDA:20,9,0,0
BRDA:20,9,1,0
BRDA:28,10,0,0
BRDA:28,10,1,48
BRF:23
BRH:15
end_of_record
TN:
SF:C:\Users\hp\Documents\stonem-frontend\src\components\IncomeStatsSuite\incomeStatButton.tsx
FN:15,_interopRequireWildcard
FN:17,(anonymous_1)
FN:24,(anonymous_2)
FNF:3
FNH:3
FNDA:1,_interopRequireWildcard
FNDA:13,(anonymous_1)
FNDA:13,(anonymous_2)
DA:3,1
DA:7,1
DA:9,1
DA:11,1
DA:13,1
DA:15,19
DA:17,1
DA:18,13
DA:19,40
DA:20,13
DA:21,13
DA:24,1
DA:25,13
DA:26,13
DA:27,13
DA:29,1
DA:32,1
LF:17
LH:17
BRDA:15,0,0,0
BRDA:15,0,1,1
BRDA:15,1,0,1
BRDA:15,1,1,1
BRDA:15,2,0,1
BRDA:15,2,1,0
BRDA:15,3,0,19
BRDA:15,3,1,0
BRDA:17,4,0,1
BRDA:17,4,1,0
BRDA:17,4,2,1
BRDA:19,5,0,14
BRDA:19,5,1,26
BRDA:19,6,0,40
BRDA:19,6,1,40
BRDA:20,7,0,13
BRDA:20,7,1,0
BRDA:20,8,0,13
BRDA:20,8,1,13
BRDA:20,9,0,0
BRDA:20,9,1,0
BRF:21
BRH:14
end_of_record
TN:
SF:C:\Users\hp\Documents\stonem-frontend\src\components\IncomeStatsSuite\incomeStatsCard.tsx
FN:13,_interopRequireWildcard
FN:15,(anonymous_1)
FN:22,(anonymous_2)
FNF:3
FNH:3
FNDA:1,_interopRequireWildcard
FNDA:16,(anonymous_1)
FNDA:16,(anonymous_2)
DA:3,1
DA:7,1
DA:9,1
DA:11,1
DA:13,19
DA:15,1
DA:16,16
DA:17,36
DA:18,16
DA:19,16
DA:22,1
DA:23,16
DA:24,16
DA:25,16
DA:27,1
LF:15
LH:15
BRDA:13,0,0,0
BRDA:13,0,1,1
BRDA:13,1,0,1
BRDA:13,1,1,1
BRDA:13,2,0,1
BRDA:13,2,1,0
BRDA:13,3,0,19
BRDA:13,3,1,0
BRDA:15,4,0,1
BRDA:15,4,1,0
BRDA:15,4,2,1
BRDA:17,5,0,20
BRDA:17,5,1,16
BRDA:17,6,0,36
BRDA:17,6,1,36
BRDA:18,7,0,16
BRDA:18,7,1,0
BRDA:18,8,0,16
BRDA:18,8,1,16
BRDA:18,9,0,0
BRDA:18,9,1,0
BRF:21
BRH:14
end_of_record
TN:
SF:C:\Users\hp\Documents\stonem-frontend\src\components\IncomeStatsSuite\incomeStatsCardHeading.tsx
FN:13,_interopRequireWildcard
FN:15,(anonymous_1)
FNF:2
FNH:2
FNDA:1,_interopRequireWildcard
FNDA:4,(anonymous_1)
DA:3,1
DA:7,1
DA:9,1
DA:11,1
DA:13,19
DA:15,4
DA:16,1
LF:7
LH:7
BRDA:13,0,0,0
BRDA:13,0,1,1
BRDA:13,1,0,1
BRDA:13,1,1,1
BRDA:13,2,0,1
BRDA:13,2,1,0
BRDA:13,3,0,19
BRDA:13,3,1,0
BRF:8
BRH:5
end_of_record
TN:
SF:C:\Users\hp\Documents\stonem-frontend\src\components\IncomeStatsSuite\incomeStatsCardMini.tsx
FN:29,_interopRequireDefault
FN:31,_interopRequireWildcard
FN:33,(anonymous_2)
FN:47,(anonymous_3)
FNF:4
FNH:4
FNDA:3,_interopRequireDefault
FNDA:1,_interopRequireWildcard
FNDA:12,(anonymous_2)
FNDA:12,(anonymous_3)
DA:3,1
DA:7,1
DA:9,1
DA:11,1
DA:13,1
DA:15,1
DA:17,1
DA:19,1
DA:21,1
DA:23,1
DA:25,1
DA:27,1
DA:29,3
DA:31,19
DA:33,1
DA:34,12
DA:35,96
DA:36,12
DA:37,12
DA:40,1
DA:47,1
DA:48,12
DA:49,12
DA:50,12
DA:52,1
LF:25
LH:25
BRDA:29,0,0,3
BRDA:29,0,1,0
BRDA:29,1,0,3
BRDA:29,1,1,3
BRDA:31,2,0,0
BRDA:31,2,1,1
BRDA:31,3,0,1
BRDA:31,3,1,1
BRDA:31,4,0,1
BRDA:31,4,1,0
BRDA:31,5,0,19
BRDA:31,5,1,0
BRDA:33,6,0,1
BRDA:33,6,1,0
BRDA:33,6,2,1
BRDA:35,7,0,60
BRDA:35,7,1,36
BRDA:35,8,0,96
BRDA:35,8,1,96
BRDA:36,9,0,12
BRDA:36,9,1,0
BRDA:36,10,0,12
BRDA:36,10,1,12
BRDA:36,11,0,0
BRDA:36,11,1,0
BRF:25
BRH:17
end_of_record
TN:
SF:C:\Users\hp\Documents\stonem-frontend\src\components\IncomeStatsSuite\incomeStatsCardPeriodical.tsx
FN:35,_interopRequireDefault
FN:37,_interopRequireWildcard
FN:39,(anonymous_2)
FN:53,(anonymous_3)
FN:56,(anonymous_4)
FN:63,(anonymous_5)
FNF:6
FNH:6
FNDA:4,_interopRequireDefault
FNDA:1,_interopRequireWildcard
FNDA:1,(anonymous_2)
FNDA:1,(anonymous_3)
FNDA:4,(anonymous_4)
FNDA:12,(anonymous_5)
DA:3,1
DA:7,1
DA:9,1
DA:11,1
DA:13,1
DA:15,1
DA:17,1
DA:19,1
DA:21,1
DA:23,1
DA:25,1
DA:27,1
DA:29,1
DA:31,1
DA:33,1
DA:35,4
DA:37,19
DA:39,1
DA:40,1
DA:41,7
DA:42,1
DA:43,1
DA:46,1
DA:53,1
DA:54,1
DA:55,1
DA:56,1
DA:58,4
DA:59,4
DA:60,4
DA:63,12
DA:66,1
LF:32
LH:32
BRDA:35,0,0,4
BRDA:35,0,1,0
BRDA:35,1,0,4
BRDA:35,1,1,4
BRDA:37,2,0,0
BRDA:37,2,1,1
BRDA:37,3,0,1
BRDA:37,3,1,1
BRDA:37,4,0,1
BRDA:37,4,1,0
BRDA:37,5,0,19
BRDA:37,5,1,0
BRDA:39,6,0,1
BRDA:39,6,1,0
BRDA:39,6,2,1
BRDA:41,7,0,4
BRDA:41,7,1,3
BRDA:41,8,0,7
BRDA:41,8,1,7
BRDA:42,9,0,1
BRDA:42,9,1,0
BRDA:42,10,0,1
BRDA:42,10,1,1
BRDA:42,11,0,0
BRDA:42,11,1,0
BRDA:58,12,0,2
BRDA:58,12,1,2
BRDA:59,13,0,2
BRDA:59,13,1,2
BRF:29
BRH:21
end_of_record
TN:
SF:C:\Users\hp\Documents\stonem-frontend\src\components\IncomeStatsSuite\index.tsx
FN:11,(anonymous_0)
FN:20,(anonymous_1)
FN:29,(anonymous_2)
FN:38,(anonymous_3)
FN:47,(anonymous_4)
FN:56,(anonymous_5)
FN:61,_interopRequireDefault
FNF:7
FNH:3
FNDA:0,(anonymous_0)
FNDA:0,(anonymous_1)
FNDA:0,(anonymous_2)
FNDA:0,(anonymous_3)
FNDA:12,(anonymous_4)
FNDA:1,(anonymous_5)
FNDA:13,_interopRequireDefault
DA:3,1
DA:7,1
DA:9,1
DA:12,0
DA:16,1
DA:18,1
DA:21,0
DA:25,1
DA:27,1
DA:30,0
DA:34,1
DA:36,1
DA:39,0
DA:43,1
DA:45,1
DA:48,12
DA:52,1
DA:54,1
DA:57,1
DA:61,13
LF:20
LH:16
BRDA:61,0,0,13
BRDA:61,0,1,0
BRDA:61,1,0,13
BRDA:61,1,1,13
BRF:4
BRH:3
end_of_record
TN:
SF:C:\Users\hp\Documents\stonem-frontend\src\components\PortfolioStatsSuite\index.tsx
FN:11,(anonymous_0)
FN:16,_interopRequireDefault
FNF:2
FNH:2
FNDA:3,(anonymous_0)
FNDA:3,_interopRequireDefault
DA:3,1
DA:7,1
DA:9,1
DA:12,3
DA:16,3
LF:5
LH:5
BRDA:16,0,0,3
BRDA:16,0,1,0
BRDA:16,1,0,3
BRDA:16,1,1,3
BRF:4
BRH:3
end_of_record
TN:
SF:C:\Users\hp\Documents\stonem-frontend\src\components\PortfolioStatsSuite\portfolioStat.tsx
FN:13,_interopRequireWildcard
FN:15,(anonymous_1)
FN:22,(anonymous_2)
FNF:3
FNH:3
FNDA:1,_interopRequireWildcard
FNDA:3,(anonymous_1)
FNDA:3,(anonymous_2)
DA:3,1
DA:7,1
DA:9,1
DA:11,1
DA:13,19
DA:15,1
DA:16,3
DA:17,11
DA:18,3
DA:19,3
DA:22,1
DA:23,3
DA:24,3
DA:25,3
DA:27,1
LF:15
LH:15
BRDA:13,0,0,0
BRDA:13,0,1,1
BRDA:13,1,0,1
BRDA:13,1,1,1
BRDA:13,2,0,1
BRDA:13,2,1,0
BRDA:13,3,0,19
BRDA:13,3,1,0
BRDA:15,4,0,1
BRDA:15,4,1,0
BRDA:15,4,2,1
BRDA:17,5,0,5
BRDA:17,5,1,6
BRDA:17,6,0,11
BRDA:17,6,1,11
BRDA:18,7,0,3
BRDA:18,7,1,0
BRDA:18,8,0,3
BRDA:18,8,1,3
BRDA:18,9,0,0
BRDA:18,9,1,0
BRF:21
BRH:14
end_of_record
TN:
SF:C:\Users\hp\Documents\stonem-frontend\src\components\Sidebar\sidebarComponent.tsx
FN:21,_interopRequireDefault
FN:23,_interopRequireWildcard
FN:25,(anonymous_2)
FN:48,(anonymous_3)
FN:51,(anonymous_4)
FNF:5
FNH:5
FNDA:1,_interopRequireDefault
FNDA:1,_interopRequireWildcard
FNDA:1,(anonymous_2)
FNDA:1,(anonymous_3)
FNDA:3,(anonymous_4)
DA:3,1
DA:7,1
DA:9,1
DA:11,1
DA:13,1
DA:15,1
DA:17,1
DA:19,1
DA:21,1
DA:23,19
DA:25,1
DA:26,1
DA:27,1
DA:28,1
DA:29,1
DA:32,1
DA:36,1
DA:48,1
DA:49,1
DA:50,1
DA:51,1
DA:52,3
DA:54,3
DA:55,3
DA:56,3
DA:65,1
LF:26
LH:26
BRDA:21,0,0,1
BRDA:21,0,1,0
BRDA:21,1,0,1
BRDA:21,1,1,1
BRDA:23,2,0,0
BRDA:23,2,1,1
BRDA:23,3,0,1
BRDA:23,3,1,1
BRDA:23,4,0,1
BRDA:23,4,1,0
BRDA:23,5,0,19
BRDA:23,5,1,0
BRDA:25,6,0,1
BRDA:25,6,1,0
BRDA:25,6,2,1
BRDA:27,7,0,0
BRDA:27,7,1,1
BRDA:27,8,0,1
BRDA:27,8,1,1
BRDA:28,9,0,1
BRDA:28,9,1,0
BRDA:28,10,0,1
BRDA:28,10,1,1
BRDA:28,11,0,0
BRDA:28,11,1,0
BRDA:56,12,0,3
BRDA:56,12,1,1
BRDA:62,13,0,1
BRDA:62,13,1,2
BRF:29
BRH:20
end_of_record
TN:
SF:C:\Users\hp\Documents\stonem-frontend\src\components\Sidebar\sidebarComponentItem.tsx
FN:13,_interopRequireWildcard
FN:15,(anonymous_1)
FN:22,(anonymous_2)
FNF:3
FNH:3
FNDA:1,_interopRequireWildcard
FNDA:4,(anonymous_1)
FNDA:4,(anonymous_2)
DA:3,1
DA:7,1
DA:9,1
DA:11,1
DA:13,19
DA:15,1
DA:16,4
DA:17,16
DA:18,4
DA:19,4
DA:22,1
DA:23,4
DA:24,4
DA:25,4
DA:27,1
DA:30,1
LF:16
LH:16
BRDA:13,0,0,0
BRDA:13,0,1,1
BRDA:13,1,0,1
BRDA:13,1,1,1
BRDA:13,2,0,1
BRDA:13,2,1,0
BRDA:13,3,0,19
BRDA:13,3,1,0
BRDA:15,4,0,1
BRDA:15,4,1,0
BRDA:15,4,2,1
BRDA:17,5,0,8
BRDA:17,5,1,8
BRDA:17,6,0,16
BRDA:17,6,1,16
BRDA:18,7,0,4
BRDA:18,7,1,0
BRDA:18,8,0,4
BRDA:18,8,1,4
BRDA:18,9,0,0
BRDA:18,9,1,0
BRF:21
BRH:14
end_of_record
TN:
SF:C:\Users\hp\Documents\stonem-frontend\src\components\UI\base.tsx
FN:13,_interopRequireWildcard
FN:21,(anonymous_1)
FNF:2
FNH:1
FNDA:6,_interopRequireWildcard
FNDA:0,(anonymous_1)
DA:3,6
DA:7,6
DA:9,6
DA:11,6
DA:13,114
DA:15,6
DA:21,6
DA:22,0
DA:24,6
LF:9
LH:8
BRDA:13,0,0,0
BRDA:13,0,1,6
BRDA:13,1,0,6
BRDA:13,1,1,6
BRDA:13,2,0,6
BRDA:13,2,1,0
BRDA:13,3,0,114
BRDA:13,3,1,0
BRF:8
BRH:5
end_of_record
TN:
SF:C:\Users\hp\Documents\stonem-frontend\src\components\UI\capsText.tsx
FN:13,_interopRequireDefault
FNF:1
FNH:1
FNDA:6,_interopRequireDefault
DA:3,6
DA:7,6
DA:9,6
DA:11,6
DA:13,6
DA:15,6
DA:18,6
LF:7
LH:7
BRDA:13,0,0,6
BRDA:13,0,1,0
BRDA:13,1,0,6
BRDA:13,1,1,6
BRF:4
BRH:3
end_of_record
TN:
SF:C:\Users\hp\Documents\stonem-frontend\src\components\UI\dot.tsx
FN:13,_interopRequireWildcard
FN:15,(anonymous_1)
FN:26,(anonymous_2)
FNF:3
FNH:3
FNDA:6,_interopRequireWildcard
FNDA:7,(anonymous_1)
FNDA:7,(anonymous_2)
DA:3,6
DA:7,6
DA:9,6
DA:11,6
DA:13,114
DA:15,6
DA:16,7
DA:17,21
DA:18,7
DA:19,7
DA:22,6
DA:26,6
DA:27,7
DA:28,7
DA:29,7
DA:31,6
DA:34,6
LF:17
LH:17
BRDA:13,0,0,0
BRDA:13,0,1,6
BRDA:13,1,0,6
BRDA:13,1,1,6
BRDA:13,2,0,6
BRDA:13,2,1,0
BRDA:13,3,0,114
BRDA:13,3,1,0
BRDA:15,4,0,6
BRDA:15,4,1,0
BRDA:15,4,2,6
BRDA:17,5,0,5
BRDA:17,5,1,16
BRDA:17,6,0,21
BRDA:17,6,1,21
BRDA:18,7,0,7
BRDA:18,7,1,0
BRDA:18,8,0,7
BRDA:18,8,1,7
BRDA:18,9,0,0
BRDA:18,9,1,0
BRF:21
BRH:14
end_of_record
TN:
SF:C:\Users\hp\Documents\stonem-frontend\src\components\UI\globalStyle.tsx
FNF:0
FNH:0
DA:3,6
DA:7,6
DA:9,6
DA:11,6
DA:28,6
LF:5
LH:5
BRF:0
BRH:0
end_of_record
TN:
SF:C:\Users\hp\Documents\stonem-frontend\src\components\UI\index.ts
FN:11,(anonymous_0)
FN:20,(anonymous_1)
FN:29,(anonymous_2)
FN:38,(anonymous_3)
FN:47,(anonymous_4)
FN:56,(anonymous_5)
FN:61,_interopRequireDefault
FNF:7
FNH:4
FNDA:0,(anonymous_0)
FNDA:38,(anonymous_1)
FNDA:7,(anonymous_2)
FNDA:3,(anonymous_3)
FNDA:0,(anonymous_4)
FNDA:0,(anonymous_5)
FNDA:48,_interopRequireDefault
DA:3,6
DA:7,6
DA:9,6
DA:12,0
DA:16,6
DA:18,6
DA:21,38
DA:25,6
DA:27,6
DA:30,7
DA:34,6
DA:36,6
DA:39,3
DA:43,6
DA:45,6
DA:48,0
DA:52,6
DA:54,6
DA:57,0
DA:61,48
LF:20
LH:17
BRDA:61,0,0,48
BRDA:61,0,1,0
BRDA:61,1,0,48
BRDA:61,1,1,48
BRF:4
BRH:3
end_of_record
TN:
SF:C:\Users\hp\Documents\stonem-frontend\src\components\UI\input.tsx
FN:15,_interopRequireDefault
FN:17,(anonymous_1)
FN:48,(anonymous_2)
FN:48,(anonymous_3)
FN:60,(anonymous_4)
FNF:5
FNH:5
FNDA:12,_interopRequireDefault
FNDA:3,(anonymous_1)
FNDA:3,(anonymous_2)
FNDA:3,(anonymous_3)
FNDA:3,(anonymous_4)
DA:3,6
DA:7,6
DA:9,6
DA:11,6
DA:13,6
DA:15,12
DA:17,6
DA:18,3
DA:19,3
DA:20,3
DA:21,3
DA:35,6
DA:48,3
DA:60,3
DA:62,6
DA:63,6
DA:70,6
LF:17
LH:17
BRDA:15,0,0,12
BRDA:15,0,1,0
BRDA:15,1,0,12
BRDA:15,1,1,12
BRDA:18,2,0,3
BRDA:18,2,1,0
BRDA:20,3,0,1
BRDA:20,3,1,2
BRF:8
BRH:6
end_of_record
TN:
SF:C:\Users\hp\Documents\stonem-frontend\src\components\UI\triangle.tsx
FN:14,_interopRequireWildcard
FN:21,(anonymous_1)
FN:37,(anonymous_2)
FNF:3
FNH:3
FNDA:6,_interopRequireWildcard
FNDA:6,(anonymous_1)
FNDA:2,(anonymous_2)
DA:3,6
DA:6,6
DA:8,6
DA:10,6
DA:12,6
DA:14,114
DA:19,6
DA:20,6
DA:21,6
DA:22,6
DA:23,6
DA:24,6
DA:25,6
DA:37,6
DA:38,2
DA:39,2
DA:40,2
DA:58,2
DA:59,2
DA:61,6
DA:66,6
LF:21
LH:21
BRDA:14,0,0,0
BRDA:14,0,1,6
BRDA:14,1,0,6
BRDA:14,1,1,6
BRDA:14,2,0,6
BRDA:14,2,1,0
BRDA:14,3,0,114
BRDA:14,3,1,0
BRDA:26,4,0,6
BRDA:26,4,1,6
BRF:10
BRH:7
end_of_record
TN:
SF:C:\Users\hp\Documents\stonem-frontend\src\config\app.ts
FNF:0
FNH:0
DA:3,8
DA:7,8
DA:9,8
DA:10,8
DA:11,8
DA:12,8
DA:13,8
DA:26,8
DA:37,8
LF:9
LH:9
BRF:0
BRH:0
end_of_record
TN:
SF:C:\Users\hp\Documents\stonem-frontend\src\config\index.ts
FN:11,(anonymous_0)
FN:20,(anonymous_1)
FN:25,_interopRequireDefault
FNF:3
FNH:3
FNDA:45,(anonymous_0)
FNDA:77,(anonymous_1)
FNDA:122,_interopRequireDefault
DA:3,8
DA:7,8
DA:9,8
DA:12,45
DA:16,8
DA:18,8
DA:21,77
DA:25,122
LF:8
LH:8
BRDA:25,0,0,122
BRDA:25,0,1,0
BRDA:25,1,0,122
BRDA:25,1,1,122
BRF:4
BRH:3
end_of_record
TN:
SF:C:\Users\hp\Documents\stonem-frontend\src\config\theme.ts
FNF:0
FNH:0
DA:3,8
DA:6,8
DA:7,8
DA:8,8
DA:9,8
DA:10,8
DA:11,8
DA:12,8
DA:13,8
DA:14,8
DA:15,8
DA:16,8
DA:17,8
DA:18,8
DA:19,8
DA:20,8
DA:21,8
DA:22,8
DA:23,8
DA:24,8
DA:112,8
LF:21
LH:21
BRF:0
BRH:0
end_of_record
TN:
SF:C:\Users\hp\Documents\stonem-frontend\src\utils\helpers.ts
FN:15,(anonymous_0)
FNF:1
FNH:1
FNDA:4,(anonymous_0)
DA:3,1
DA:15,1
DA:16,4
LF:3
LH:3
BRF:0
BRH:0
end_of_record
